e:\dropbox\workspace\assignment projects\[computer graphics] billiard game\source code\billiard game\debug\vc120.pdb
e:\dropbox\workspace\assignment projects\[computer graphics] billiard game\source code\billiard game\debug\vc120.idb
e:\dropbox\workspace\assignment projects\[computer graphics] billiard game\source code\billiard game\debug\main.obj
e:\dropbox\workspace\assignment projects\[computer graphics] billiard game\source code\billiard game\debug\camera.obj
e:\dropbox\workspace\assignment projects\[computer graphics] billiard game\source code\billiard game\debug\light.obj
e:\dropbox\workspace\assignment projects\[computer graphics] billiard game\source code\billiard game\debug\vertex.obj
e:\dropbox\workspace\assignment projects\[computer graphics] billiard game\source code\billiard game\debug\mesh.obj
e:\dropbox\workspace\assignment projects\[computer graphics] billiard game\source code\billiard game\debug\material.obj
e:\dropbox\workspace\assignment projects\[computer graphics] billiard game\source code\billiard game\debug\shader.obj
e:\dropbox\workspace\assignment projects\[computer graphics] billiard game\source code\billiard game\debug\model3d.obj
e:\dropbox\workspace\assignment projects\[computer graphics] billiard game\source code\debug\billiard game.pdb
e:\dropbox\workspace\assignment projects\[computer graphics] billiard game\source code\billiard game\debug\billiard game.tlog\cl.command.1.tlog
e:\dropbox\workspace\assignment projects\[computer graphics] billiard game\source code\billiard game\debug\billiard game.tlog\cl.read.1.tlog
e:\dropbox\workspace\assignment projects\[computer graphics] billiard game\source code\billiard game\debug\billiard game.tlog\cl.write.1.tlog
e:\dropbox\workspace\assignment projects\[computer graphics] billiard game\source code\billiard game\debug\billiard game.tlog\link-cvtres.read.1.tlog
e:\dropbox\workspace\assignment projects\[computer graphics] billiard game\source code\billiard game\debug\billiard game.tlog\link-cvtres.write.1.tlog
e:\dropbox\workspace\assignment projects\[computer graphics] billiard game\source code\billiard game\debug\billiard game.tlog\link-rc.read.1.tlog
e:\dropbox\workspace\assignment projects\[computer graphics] billiard game\source code\billiard game\debug\billiard game.tlog\link-rc.write.1.tlog
e:\dropbox\workspace\assignment projects\[computer graphics] billiard game\source code\billiard game\debug\billiard game.tlog\link.3420-cvtres.read.1.tlog
e:\dropbox\workspace\assignment projects\[computer graphics] billiard game\source code\billiard game\debug\billiard game.tlog\link.3420-cvtres.write.1.tlog
e:\dropbox\workspace\assignment projects\[computer graphics] billiard game\source code\billiard game\debug\billiard game.tlog\link.3420-rc.read.1.tlog
e:\dropbox\workspace\assignment projects\[computer graphics] billiard game\source code\billiard game\debug\billiard game.tlog\link.3420-rc.write.1.tlog
e:\dropbox\workspace\assignment projects\[computer graphics] billiard game\source code\billiard game\debug\billiard game.tlog\link.3420.read.1.tlog
e:\dropbox\workspace\assignment projects\[computer graphics] billiard game\source code\billiard game\debug\billiard game.tlog\link.3420.write.1.tlog
e:\dropbox\workspace\assignment projects\[computer graphics] billiard game\source code\billiard game\debug\billiard game.tlog\link.command.1.tlog
e:\dropbox\workspace\assignment projects\[computer graphics] billiard game\source code\billiard game\debug\billiard game.tlog\link.read.1.tlog
e:\dropbox\workspace\assignment projects\[computer graphics] billiard game\source code\billiard game\debug\billiard game.tlog\link.write.1.tlog
